<?xml version="1.0" encoding="UTF-8"?>
<!-- Generated by org.testng.reporters.JUnitReportReporter -->
<testsuite hostname="DESKTOP-3TAUMDF" failures="0" tests="2" name="testCasesPackage.TC002_Login_And_Purchase" time="59.499" errors="0" timestamp="2023-05-15T08:55:37 BDT" skipped="0">
  <testcase classname="testCasesPackage.TC002_Login_And_Purchase" name="loginAndPurchase" time="36.909"/>
  <system-out/>
  <testcase classname="testCasesPackage.TC002_Login_And_Purchase" name="loginAndPurchase" time="22.590"/>
  <system-out/>
</testsuite> <!-- testCasesPackage.TC002_Login_And_Purchase -->
