<?xml version="1.0" encoding="UTF-8"?>
<!-- Generated by org.testng.reporters.JUnitReportReporter -->
<testsuite hostname="DESKTOP-3TAUMDF" failures="0" tests="2" name="testCasesPackage.TC001_CreateNewAccount" time="22.839" errors="0" timestamp="2023-05-15T08:55:37 BDT" skipped="0">
  <testcase classname="testCasesPackage.TC001_CreateNewAccount" name="registration" time="11.940"/>
  <system-out/>
  <testcase classname="testCasesPackage.TC001_CreateNewAccount" name="registration" time="10.899"/>
  <system-out/>
</testsuite> <!-- testCasesPackage.TC001_CreateNewAccount -->
